[2024-01-19 21:58:26] juli: 
[2024-01-19 21:58:26] [2024-01-19 21:58:26] juli: 
[2024-01-19 21:58:35] juli: hello
[2024-01-19 21:58:35] [2024-01-19 21:58:35] juli: hello
[2024-01-19 21:58:55] juli: how are you
[2024-01-19 21:58:55] [2024-01-19 21:58:55] juli: how are you
[2024-01-21 09:17:22] jklkj: 
[2024-01-21 09:17:22] [2024-01-21 09:17:22] jklkj: 
[2024-01-21 09:17:27] jklkj: hello
[2024-01-21 09:17:27] [2024-01-21 09:17:27] jklkj: hello
[2024-01-21 09:17:32] jklkj: fhfdf
[2024-01-21 09:17:32] [2024-01-21 09:17:32] jklkj: fhfdf
[2024-01-26 21:52:23] gyli: hi netology
[2024-01-26 21:52:23] [2024-01-26 21:52:23] gyli: hi netology
[2024-02-03 21:22:24] gyli: hello
[2024-02-03 21:22:24] [2024-02-03 21:22:24] gyli: hello
[2024-02-03 21:23:23] gyli: 
[2024-02-03 21:23:23] [2024-02-03 21:23:23] gyli: 
[2024-02-03 21:23:30] gyli: exit
[2024-02-03 21:23:30] [2024-02-03 21:23:30] gyli: exit
